{
  "RSpec": {
    "coverage": {
      "/Users/wesleymiranda/stock_api/spec/facades/stock_search_spec.rb": {
        "lines": [
          1,
          null,
          0,
          0,
          0,
          null,
          0,
          null,
          null,
          null
        ]
      },
      "/Users/wesleymiranda/stock_api/config/environment.rb": {
        "lines": [
          null,
          1,
          null,
          null,
          0
        ]
      },
      "/Users/wesleymiranda/stock_api/config/application.rb": {
        "lines": [
          1,
          null,
          0,
          null,
          0,
          0,
          0,
          0,
          0,
          0,
          0,
          0,
          0,
          0,
          null,
          0,
          null,
          null,
          null,
          0,
          null,
          0,
          0,
          null,
          0,
          null,
          null,
          null,
          null,
          null,
          null,
          null,
          null,
          null,
          0,
          null,
          null
        ]
      },
      "/Users/wesleymiranda/stock_api/config/boot.rb": {
        "lines": [
          1,
          null,
          1,
          0
        ]
      }
    },
    "timestamp": 1674281187
  }
}
